<?xml version="1.0" encoding="UTF-8"?>
<testsuite xmlns:xsi="http://www.w3.org/2001/XMLSchema-instance" xsi:noNamespaceSchemaLocation="https://maven.apache.org/surefire/maven-surefire-plugin/xsd/surefire-test-report-3.0.xsd" version="3.0" name="ashoyo1.AppTest" time="0.018" tests="1" errors="0" skipped="0" failures="0">
  <properties>
    <property name="java.specification.version" value="22"/>
    <property name="sun.jnu.encoding" value="UTF-8"/>
    <property name="java.class.path" value="/Users/jimmyjiang/leetcode_sql_java_bot-2/target/test-classes:/Users/jimmyjiang/leetcode_sql_java_bot-2/target/classes:/Users/jimmyjiang/.m2/repository/junit/junit/4.11/junit-4.11.jar:/Users/jimmyjiang/.m2/repository/org/hamcrest/hamcrest-core/1.3/hamcrest-core-1.3.jar:/Users/jimmyjiang/.m2/repository/mysql/mysql-connector-java/8.0.28/mysql-connector-java-8.0.28.jar:/Users/jimmyjiang/.m2/repository/com/google/protobuf/protobuf-java/3.11.4/protobuf-java-3.11.4.jar:/Users/jimmyjiang/.m2/repository/net/dv8tion/JDA/5.0.0-alpha.15/JDA-5.0.0-alpha.15.jar:/Users/jimmyjiang/.m2/repository/com/google/code/findbugs/jsr305/3.0.2/jsr305-3.0.2.jar:/Users/jimmyjiang/.m2/repository/org/jetbrains/annotations/23.0.0/annotations-23.0.0.jar:/Users/jimmyjiang/.m2/repository/org/slf4j/slf4j-api/1.7.36/slf4j-api-1.7.36.jar:/Users/jimmyjiang/.m2/repository/com/neovisionaries/nv-websocket-client/2.14/nv-websocket-client-2.14.jar:/Users/jimmyjiang/.m2/repository/com/squareup/okhttp3/okhttp/4.9.3/okhttp-4.9.3.jar:/Users/jimmyjiang/.m2/repository/com/squareup/okio/okio/2.8.0/okio-2.8.0.jar:/Users/jimmyjiang/.m2/repository/org/jetbrains/kotlin/kotlin-stdlib-common/1.4.0/kotlin-stdlib-common-1.4.0.jar:/Users/jimmyjiang/.m2/repository/org/jetbrains/kotlin/kotlin-stdlib/1.4.10/kotlin-stdlib-1.4.10.jar:/Users/jimmyjiang/.m2/repository/club/minnced/opus-java/1.1.1/opus-java-1.1.1.jar:/Users/jimmyjiang/.m2/repository/club/minnced/opus-java-api/1.1.1/opus-java-api-1.1.1.jar:/Users/jimmyjiang/.m2/repository/net/java/dev/jna/jna/4.4.0/jna-4.4.0.jar:/Users/jimmyjiang/.m2/repository/club/minnced/opus-java-natives/1.1.1/opus-java-natives-1.1.1.jar:/Users/jimmyjiang/.m2/repository/org/apache/commons/commons-collections4/4.4/commons-collections4-4.4.jar:/Users/jimmyjiang/.m2/repository/net/sf/trove4j/trove4j/3.0.3/trove4j-3.0.3.jar:/Users/jimmyjiang/.m2/repository/com/fasterxml/jackson/core/jackson-core/2.13.2/jackson-core-2.13.2.jar:/Users/jimmyjiang/.m2/repository/com/fasterxml/jackson/core/jackson-databind/2.13.2.2/jackson-databind-2.13.2.2.jar:/Users/jimmyjiang/.m2/repository/com/fasterxml/jackson/core/jackson-annotations/2.13.2/jackson-annotations-2.13.2.jar:/Users/jimmyjiang/.m2/repository/org/json/json/20210307/json-20210307.jar:/Users/jimmyjiang/.m2/repository/org/jsoup/jsoup/1.15.3/jsoup-1.15.3.jar:"/>
    <property name="java.vm.vendor" value="Homebrew"/>
    <property name="sun.arch.data.model" value="64"/>
    <property name="java.vendor.url" value="https://github.com/Homebrew/homebrew-core/issues"/>
    <property name="os.name" value="Mac OS X"/>
    <property name="java.vm.specification.version" value="22"/>
    <property name="sun.java.launcher" value="SUN_STANDARD"/>
    <property name="user.country" value="US"/>
    <property name="sun.boot.library.path" value="/opt/homebrew/Cellar/openjdk/22.0.2/libexec/openjdk.jdk/Contents/Home/lib"/>
    <property name="sun.java.command" value="/Users/jimmyjiang/leetcode_sql_java_bot-2/target/surefire/surefirebooter-20240724231409138_3.jar /Users/jimmyjiang/leetcode_sql_java_bot-2/target/surefire 2024-07-24T23-14-09_085-jvmRun1 surefire-20240724231409138_1tmp surefire_0-20240724231409138_2tmp"/>
    <property name="http.nonProxyHosts" value="local|*.local|169.254/16|*.169.254/16"/>
    <property name="jdk.debug" value="release"/>
    <property name="surefire.test.class.path" value="/Users/jimmyjiang/leetcode_sql_java_bot-2/target/test-classes:/Users/jimmyjiang/leetcode_sql_java_bot-2/target/classes:/Users/jimmyjiang/.m2/repository/junit/junit/4.11/junit-4.11.jar:/Users/jimmyjiang/.m2/repository/org/hamcrest/hamcrest-core/1.3/hamcrest-core-1.3.jar:/Users/jimmyjiang/.m2/repository/mysql/mysql-connector-java/8.0.28/mysql-connector-java-8.0.28.jar:/Users/jimmyjiang/.m2/repository/com/google/protobuf/protobuf-java/3.11.4/protobuf-java-3.11.4.jar:/Users/jimmyjiang/.m2/repository/net/dv8tion/JDA/5.0.0-alpha.15/JDA-5.0.0-alpha.15.jar:/Users/jimmyjiang/.m2/repository/com/google/code/findbugs/jsr305/3.0.2/jsr305-3.0.2.jar:/Users/jimmyjiang/.m2/repository/org/jetbrains/annotations/23.0.0/annotations-23.0.0.jar:/Users/jimmyjiang/.m2/repository/org/slf4j/slf4j-api/1.7.36/slf4j-api-1.7.36.jar:/Users/jimmyjiang/.m2/repository/com/neovisionaries/nv-websocket-client/2.14/nv-websocket-client-2.14.jar:/Users/jimmyjiang/.m2/repository/com/squareup/okhttp3/okhttp/4.9.3/okhttp-4.9.3.jar:/Users/jimmyjiang/.m2/repository/com/squareup/okio/okio/2.8.0/okio-2.8.0.jar:/Users/jimmyjiang/.m2/repository/org/jetbrains/kotlin/kotlin-stdlib-common/1.4.0/kotlin-stdlib-common-1.4.0.jar:/Users/jimmyjiang/.m2/repository/org/jetbrains/kotlin/kotlin-stdlib/1.4.10/kotlin-stdlib-1.4.10.jar:/Users/jimmyjiang/.m2/repository/club/minnced/opus-java/1.1.1/opus-java-1.1.1.jar:/Users/jimmyjiang/.m2/repository/club/minnced/opus-java-api/1.1.1/opus-java-api-1.1.1.jar:/Users/jimmyjiang/.m2/repository/net/java/dev/jna/jna/4.4.0/jna-4.4.0.jar:/Users/jimmyjiang/.m2/repository/club/minnced/opus-java-natives/1.1.1/opus-java-natives-1.1.1.jar:/Users/jimmyjiang/.m2/repository/org/apache/commons/commons-collections4/4.4/commons-collections4-4.4.jar:/Users/jimmyjiang/.m2/repository/net/sf/trove4j/trove4j/3.0.3/trove4j-3.0.3.jar:/Users/jimmyjiang/.m2/repository/com/fasterxml/jackson/core/jackson-core/2.13.2/jackson-core-2.13.2.jar:/Users/jimmyjiang/.m2/repository/com/fasterxml/jackson/core/jackson-databind/2.13.2.2/jackson-databind-2.13.2.2.jar:/Users/jimmyjiang/.m2/repository/com/fasterxml/jackson/core/jackson-annotations/2.13.2/jackson-annotations-2.13.2.jar:/Users/jimmyjiang/.m2/repository/org/json/json/20210307/json-20210307.jar:/Users/jimmyjiang/.m2/repository/org/jsoup/jsoup/1.15.3/jsoup-1.15.3.jar:"/>
    <property name="sun.cpu.endian" value="little"/>
    <property name="user.home" value="/Users/jimmyjiang"/>
    <property name="user.language" value="en"/>
    <property name="java.specification.vendor" value="Oracle Corporation"/>
    <property name="java.version.date" value="2024-07-16"/>
    <property name="java.home" value="/opt/homebrew/Cellar/openjdk/22.0.2/libexec/openjdk.jdk/Contents/Home"/>
    <property name="file.separator" value="/"/>
    <property name="basedir" value="/Users/jimmyjiang/leetcode_sql_java_bot-2"/>
    <property name="java.vm.compressedOopsMode" value="Zero based"/>
    <property name="line.separator" value="&#10;"/>
    <property name="java.vm.specification.vendor" value="Oracle Corporation"/>
    <property name="java.specification.name" value="Java Platform API Specification"/>
    <property name="apple.awt.application.name" value="ForkedBooter"/>
    <property name="surefire.real.class.path" value="/Users/jimmyjiang/leetcode_sql_java_bot-2/target/surefire/surefirebooter-20240724231409138_3.jar"/>
    <property name="sun.management.compiler" value="HotSpot 64-Bit Tiered Compilers"/>
    <property name="ftp.nonProxyHosts" value="local|*.local|169.254/16|*.169.254/16"/>
    <property name="java.runtime.version" value="22.0.2"/>
    <property name="user.name" value="jimmyjiang"/>
    <property name="stdout.encoding" value="UTF-8"/>
    <property name="path.separator" value=":"/>
    <property name="os.version" value="13.4.1"/>
    <property name="java.runtime.name" value="OpenJDK Runtime Environment"/>
    <property name="file.encoding" value="UTF-8"/>
    <property name="java.vm.name" value="OpenJDK 64-Bit Server VM"/>
    <property name="java.vendor.version" value="Homebrew"/>
    <property name="localRepository" value="/Users/jimmyjiang/.m2/repository"/>
    <property name="java.vendor.url.bug" value="https://github.com/Homebrew/homebrew-core/issues"/>
    <property name="java.io.tmpdir" value="/var/folders/vh/fl1c4r6d75q5hkg11h7v4ml00000gn/T/"/>
    <property name="java.version" value="22.0.2"/>
    <property name="user.dir" value="/Users/jimmyjiang/leetcode_sql_java_bot-2"/>
    <property name="os.arch" value="aarch64"/>
    <property name="java.vm.specification.name" value="Java Virtual Machine Specification"/>
    <property name="native.encoding" value="UTF-8"/>
    <property name="java.library.path" value="/Users/jimmyjiang/Library/Java/Extensions:/Library/Java/Extensions:/Network/Library/Java/Extensions:/System/Library/Java/Extensions:/usr/lib/java:."/>
    <property name="java.vm.info" value="mixed mode, sharing"/>
    <property name="stderr.encoding" value="UTF-8"/>
    <property name="java.vendor" value="Homebrew"/>
    <property name="java.vm.version" value="22.0.2"/>
    <property name="sun.io.unicode.encoding" value="UnicodeBig"/>
    <property name="socksNonProxyHosts" value="local|*.local|169.254/16|*.169.254/16"/>
    <property name="java.class.version" value="66.0"/>
  </properties>
  <testcase name="shouldAnswerWithTrue" classname="ashoyo1.AppTest" time="0.002"/>
</testsuite>